/media/ava/DATA2/Raj/rajkumar/lib/python3.8/site-packages/mmcv/__init__.py:20: UserWarning: On January 1, 2023, MMCV will release v2.0.0, in which it will remove components related to the training process and add a data transformation module. In addition, it will rename the package names mmcv to mmcv-lite and mmcv-full to mmcv. See https://github.com/open-mmlab/mmcv/blob/master/docs/en/compatibility.md for more details.
  warnings.warn(
Config:
 Config (path: configs/bevformer/bevformer_tiny.py): {'point_cloud_range': [-51.2, -51.2, -5.0, 51.2, 51.2, 3.0], 'class_names': ['car', 'truck', 'construction_vehicle', 'bus', 'trailer', 'barrier', 'motorcycle', 'bicycle', 'pedestrian', 'traffic_cone'], 'dataset_type': 'CustomNuScenesDataset', 'data_root': '/media/ava/DATA2/datasets/BEVFormer/data/nuscenes/', 'input_modality': {'use_lidar': False, 'use_camera': True, 'use_radar': False, 'use_map': False, 'use_external': True}, 'file_client_args': {'backend': 'disk'}, 'train_pipeline': [{'type': 'LoadMultiViewImageFromFiles', 'to_float32': True}, {'type': 'PhotoMetricDistortionMultiViewImage'}, {'type': 'LoadAnnotations3D', 'with_bbox_3d': True, 'with_label_3d': True, 'with_attr_label': False}, {'type': 'ObjectRangeFilter', 'point_cloud_range': [-51.2, -51.2, -5.0, 51.2, 51.2, 3.0]}, {'type': 'ObjectNameFilter', 'classes': ['car', 'truck', 'construction_vehicle', 'bus', 'trailer', 'barrier', 'motorcycle', 'bicycle', 'pedestrian', 'traffic_cone']}, {'type': 'NormalizeMultiviewImage', 'mean': [123.675, 116.28, 103.53], 'std': [58.395, 57.12, 57.375], 'to_rgb': True}, {'type': 'RandomScaleImageMultiViewImage', 'scales': [0.5]}, {'type': 'PadMultiViewImage', 'size_divisor': 32}, {'type': 'DefaultFormatBundle3D', 'class_names': ['car', 'truck', 'construction_vehicle', 'bus', 'trailer', 'barrier', 'motorcycle', 'bicycle', 'pedestrian', 'traffic_cone']}, {'type': 'CustomCollect3D', 'keys': ['gt_bboxes_3d', 'gt_labels_3d', 'img']}], 'test_pipeline': [{'type': 'LoadMultiViewImageFromFiles', 'to_float32': True}, {'type': 'NormalizeMultiviewImage', 'mean': [123.675, 116.28, 103.53], 'std': [58.395, 57.12, 57.375], 'to_rgb': True}, {'type': 'MultiScaleFlipAug3D', 'img_scale': (1600, 900), 'pts_scale_ratio': 1, 'flip': False, 'transforms': [{'type': 'RandomScaleImageMultiViewImage', 'scales': [0.5]}, {'type': 'PadMultiViewImage', 'size_divisor': 32}, {'type': 'DefaultFormatBundle3D', 'class_names': ['car', 'truck', 'construction_vehicle', 'bus', 'trailer', 'barrier', 'motorcycle', 'bicycle', 'pedestrian', 'traffic_cone'], 'with_label': False}, {'type': 'CustomCollect3D', 'keys': ['img']}]}], 'eval_pipeline': [{'type': 'LoadPointsFromFile', 'coord_type': 'LIDAR', 'load_dim': 5, 'use_dim': 5, 'file_client_args': {'backend': 'disk'}}, {'type': 'LoadPointsFromMultiSweeps', 'sweeps_num': 10, 'file_client_args': {'backend': 'disk'}}, {'type': 'DefaultFormatBundle3D', 'class_names': ['car', 'truck', 'trailer', 'bus', 'construction_vehicle', 'bicycle', 'motorcycle', 'pedestrian', 'traffic_cone', 'barrier'], 'with_label': False}, {'type': 'Collect3D', 'keys': ['points']}], 'data': {'samples_per_gpu': 1, 'workers_per_gpu': 4, 'train': {'type': 'CustomNuScenesDataset', 'data_root': '/media/ava/DATA2/datasets/BEVFormer/data/nuscenes/', 'ann_file': '/media/ava/DATA2/datasets/BEVFormer/data/nuscenes/nuscenes_infos_temporal_train.pkl', 'pipeline': [{'type': 'LoadMultiViewImageFromFiles', 'to_float32': True}, {'type': 'PhotoMetricDistortionMultiViewImage'}, {'type': 'LoadAnnotations3D', 'with_bbox_3d': True, 'with_label_3d': True, 'with_attr_label': False}, {'type': 'ObjectRangeFilter', 'point_cloud_range': [-51.2, -51.2, -5.0, 51.2, 51.2, 3.0]}, {'type': 'ObjectNameFilter', 'classes': ['car', 'truck', 'construction_vehicle', 'bus', 'trailer', 'barrier', 'motorcycle', 'bicycle', 'pedestrian', 'traffic_cone']}, {'type': 'NormalizeMultiviewImage', 'mean': [123.675, 116.28, 103.53], 'std': [58.395, 57.12, 57.375], 'to_rgb': True}, {'type': 'RandomScaleImageMultiViewImage', 'scales': [0.5]}, {'type': 'PadMultiViewImage', 'size_divisor': 32}, {'type': 'DefaultFormatBundle3D', 'class_names': ['car', 'truck', 'construction_vehicle', 'bus', 'trailer', 'barrier', 'motorcycle', 'bicycle', 'pedestrian', 'traffic_cone']}, {'type': 'CustomCollect3D', 'keys': ['gt_bboxes_3d', 'gt_labels_3d', 'img']}], 'classes': ['car', 'truck', 'construction_vehicle', 'bus', 'trailer', 'barrier', 'motorcycle', 'bicycle', 'pedestrian', 'traffic_cone'], 'modality': {'use_lidar': False, 'use_camera': True, 'use_radar': False, 'use_map': False, 'use_external': True}, 'test_mode': False, 'box_type_3d': 'LiDAR', 'use_valid_flag': True, 'bev_size': (50, 50), 'queue_length': 3}, 'val': {'type': 'CustomNuScenesDataset', 'ann_file': '/media/ava/DATA2/datasets/BEVFormer/data/nuscenes/nuscenes_infos_temporal_val.pkl', 'pipeline': [{'type': 'LoadMultiViewImageFromFiles', 'to_float32': True}, {'type': 'NormalizeMultiviewImage', 'mean': [123.675, 116.28, 103.53], 'std': [58.395, 57.12, 57.375], 'to_rgb': True}, {'type': 'MultiScaleFlipAug3D', 'img_scale': (1600, 900), 'pts_scale_ratio': 1, 'flip': False, 'transforms': [{'type': 'RandomScaleImageMultiViewImage', 'scales': [0.5]}, {'type': 'PadMultiViewImage', 'size_divisor': 32}, {'type': 'DefaultFormatBundle3D', 'class_names': ['car', 'truck', 'construction_vehicle', 'bus', 'trailer', 'barrier', 'motorcycle', 'bicycle', 'pedestrian', 'traffic_cone'], 'with_label': False}, {'type': 'CustomCollect3D', 'keys': ['img']}]}], 'classes': ['car', 'truck', 'construction_vehicle', 'bus', 'trailer', 'barrier', 'motorcycle', 'bicycle', 'pedestrian', 'traffic_cone'], 'modality': {'use_lidar': False, 'use_camera': True, 'use_radar': False, 'use_map': False, 'use_external': True}, 'test_mode': True, 'box_type_3d': 'LiDAR', 'data_root': '/media/ava/DATA2/datasets/BEVFormer/data/nuscenes/', 'bev_size': (50, 50), 'samples_per_gpu': 1}, 'test': {'type': 'CustomNuScenesDataset', 'data_root': '/media/ava/DATA2/datasets/BEVFormer/data/nuscenes/', 'ann_file': '/media/ava/DATA2/datasets/BEVFormer/data/nuscenes/nuscenes_infos_temporal_val.pkl', 'pipeline': [{'type': 'LoadMultiViewImageFromFiles', 'to_float32': True}, {'type': 'NormalizeMultiviewImage', 'mean': [123.675, 116.28, 103.53], 'std': [58.395, 57.12, 57.375], 'to_rgb': True}, {'type': 'MultiScaleFlipAug3D', 'img_scale': (1600, 900), 'pts_scale_ratio': 1, 'flip': False, 'transforms': [{'type': 'RandomScaleImageMultiViewImage', 'scales': [0.5]}, {'type': 'PadMultiViewImage', 'size_divisor': 32}, {'type': 'DefaultFormatBundle3D', 'class_names': ['car', 'truck', 'construction_vehicle', 'bus', 'trailer', 'barrier', 'motorcycle', 'bicycle', 'pedestrian', 'traffic_cone'], 'with_label': False}, {'type': 'CustomCollect3D', 'keys': ['img']}]}], 'classes': ['car', 'truck', 'construction_vehicle', 'bus', 'trailer', 'barrier', 'motorcycle', 'bicycle', 'pedestrian', 'traffic_cone'], 'modality': {'use_lidar': False, 'use_camera': True, 'use_radar': False, 'use_map': False, 'use_external': True}, 'test_mode': True, 'box_type_3d': 'LiDAR', 'bev_size': (50, 50)}, 'shuffler_sampler': {'type': 'DistributedGroupSampler'}, 'nonshuffler_sampler': {'type': 'DistributedSampler'}}, 'evaluation': {'interval': 1, 'pipeline': [{'type': 'LoadMultiViewImageFromFiles', 'to_float32': True}, {'type': 'NormalizeMultiviewImage', 'mean': [123.675, 116.28, 103.53], 'std': [58.395, 57.12, 57.375], 'to_rgb': True}, {'type': 'MultiScaleFlipAug3D', 'img_scale': (1600, 900), 'pts_scale_ratio': 1, 'flip': False, 'transforms': [{'type': 'RandomScaleImageMultiViewImage', 'scales': [0.5]}, {'type': 'PadMultiViewImage', 'size_divisor': 32}, {'type': 'DefaultFormatBundle3D', 'class_names': ['car', 'truck', 'construction_vehicle', 'bus', 'trailer', 'barrier', 'motorcycle', 'bicycle', 'pedestrian', 'traffic_cone'], 'with_label': False}, {'type': 'CustomCollect3D', 'keys': ['img']}]}]}, 'checkpoint_config': {'interval': 1}, 'log_config': {'interval': 50, 'hooks': [{'type': 'TextLoggerHook'}, {'type': 'TensorboardLoggerHook'}]}, 'dist_params': {'backend': 'nccl'}, 'log_level': 'INFO', 'work_dir': None, 'load_from': None, 'resume_from': None, 'workflow': [('train', 1)], 'plugin': True, 'plugin_dir': 'projects/mmdet3d_plugin/', 'voxel_size': [0.2, 0.2, 8], 'img_norm_cfg': {'mean': [123.675, 116.28, 103.53], 'std': [58.395, 57.12, 57.375], 'to_rgb': True}, '_dim_': 256, '_pos_dim_': 128, '_ffn_dim_': 512, '_num_levels_': 1, 'bev_h_': 50, 'bev_w_': 50, 'queue_length': 3, 'model': {'type': 'BEVFormer', 'export': True, 'use_grid_mask': True, 'video_test_mode': True, 'pretrained': {'img': 'torchvision://resnet50'}, 'img_backbone': {'type': 'ResNet', 'depth': 50, 'num_stages': 4, 'out_indices': (3,), 'frozen_stages': 1, 'norm_cfg': {'type': 'BN', 'requires_grad': False}, 'norm_eval': True, 'style': 'pytorch'}, 'img_neck': {'type': 'FPN', 'in_channels': [2048], 'out_channels': 256, 'start_level': 0, 'add_extra_convs': 'on_output', 'num_outs': 1, 'relu_before_extra_convs': True}, 'pts_bbox_head': {'type': 'BEVFormerHead', 'bev_h': 50, 'bev_w': 50, 'num_query': 900, 'num_classes': 10, 'in_channels': 256, 'sync_cls_avg_factor': True, 'with_box_refine': True, 'as_two_stage': False, 'transformer': {'type': 'PerceptionTransformer', 'rotate_prev_bev': True, 'use_shift': True, 'use_can_bus': True, 'embed_dims': 256, 'encoder': {'type': 'BEVFormerEncoder', 'num_layers': 3, 'pc_range': [-51.2, -51.2, -5.0, 51.2, 51.2, 3.0], 'num_points_in_pillar': 4, 'return_intermediate': False, 'transformerlayers': {'type': 'BEVFormerLayer', 'attn_cfgs': [{'type': 'TemporalSelfAttention', 'embed_dims': 256, 'num_levels': 1}, {'type': 'SpatialCrossAttention', 'pc_range': [-51.2, -51.2, -5.0, 51.2, 51.2, 3.0], 'deformable_attention': {'type': 'MSDeformableAttention3D', 'embed_dims': 256, 'num_points': 8, 'num_levels': 1}, 'embed_dims': 256}], 'feedforward_channels': 512, 'ffn_dropout': 0.1, 'operation_order': ('self_attn', 'norm', 'cross_attn', 'norm', 'ffn', 'norm')}}, 'decoder': {'type': 'DetectionTransformerDecoder', 'num_layers': 6, 'return_intermediate': True, 'transformerlayers': {'type': 'DetrTransformerDecoderLayer', 'attn_cfgs': [{'type': 'MultiheadAttention', 'embed_dims': 256, 'num_heads': 8, 'dropout': 0.1}, {'type': 'CustomMSDeformableAttention', 'embed_dims': 256, 'num_levels': 1}], 'feedforward_channels': 512, 'ffn_dropout': 0.1, 'operation_order': ('self_attn', 'norm', 'cross_attn', 'norm', 'ffn', 'norm')}}}, 'bbox_coder': {'type': 'NMSFreeCoder', 'post_center_range': [-61.2, -61.2, -10.0, 61.2, 61.2, 10.0], 'pc_range': [-51.2, -51.2, -5.0, 51.2, 51.2, 3.0], 'max_num': 300, 'voxel_size': [0.2, 0.2, 8], 'num_classes': 10}, 'positional_encoding': {'type': 'LearnedPositionalEncoding', 'num_feats': 128, 'row_num_embed': 50, 'col_num_embed': 50}, 'loss_cls': {'type': 'FocalLoss', 'use_sigmoid': True, 'gamma': 2.0, 'alpha': 0.25, 'loss_weight': 2.0}, 'loss_bbox': {'type': 'L1Loss', 'loss_weight': 0.25}, 'loss_iou': {'type': 'GIoULoss', 'loss_weight': 0.0}}, 'train_cfg': {'pts': {'grid_size': [512, 512, 1], 'voxel_size': [0.2, 0.2, 8], 'point_cloud_range': [-51.2, -51.2, -5.0, 51.2, 51.2, 3.0], 'out_size_factor': 4, 'assigner': {'type': 'HungarianAssigner3D', 'cls_cost': {'type': 'FocalLossCost', 'weight': 2.0}, 'reg_cost': {'type': 'BBox3DL1Cost', 'weight': 0.25}, 'iou_cost': {'type': 'IoUCost', 'weight': 0.0}, 'pc_range': [-51.2, -51.2, -5.0, 51.2, 51.2, 3.0]}}}}, 'optimizer': {'type': 'AdamW', 'lr': 0.0002, 'paramwise_cfg': {'custom_keys': {'img_backbone': {'lr_mult': 0.1}}}, 'weight_decay': 0.01}, 'optimizer_config': {'grad_clip': {'max_norm': 35, 'norm_type': 2}}, 'lr_config': {'policy': 'CosineAnnealing', 'warmup': 'linear', 'warmup_iters': 500, 'warmup_ratio': 0.3333333333333333, 'min_lr_ratio': 0.001}, 'total_epochs': 24, 'runner': {'type': 'EpochBasedRunner', 'max_epochs': 24}} 

projects.mmdet3d_plugin
/media/ava/DATA2/Raj/BEVFormer/src/projects/mmdet3d_plugin/bevformer/modules/custom_base_transformer_layer.py:94: UserWarning: The arguments `feedforward_channels` in BaseTransformerLayer has been deprecated, now you should set `feedforward_channels` and other FFN related arguments to a dict named `ffn_cfgs`. 
  warnings.warn(
/media/ava/DATA2/Raj/BEVFormer/src/projects/mmdet3d_plugin/bevformer/modules/custom_base_transformer_layer.py:94: UserWarning: The arguments `ffn_dropout` in BaseTransformerLayer has been deprecated, now you should set `ffn_drop` and other FFN related arguments to a dict named `ffn_cfgs`. 
  warnings.warn(
/media/ava/DATA2/Raj/BEVFormer/src/projects/mmdet3d_plugin/bevformer/modules/custom_base_transformer_layer.py:94: UserWarning: The arguments `ffn_num_fcs` in BaseTransformerLayer has been deprecated, now you should set `num_fcs` and other FFN related arguments to a dict named `ffn_cfgs`. 
  warnings.warn(
load checkpoint from local path: artifacts/bevformer_tiny_epoch_24.pth
EXPORT
/media/ava/DATA2/Raj/BEVFormer/src/projects/mmdet3d_plugin/bevformer/modules/transformer.py:324: UserWarning: Creating a tensor from a list of numpy.ndarrays is extremely slow. Please consider converting the list to a single numpy.ndarray with numpy.array() before converting to a tensor. (Triggered internally at  ../torch/csrc/utils/tensor_new.cpp:201.)
  can_bus = bev_queries.new_tensor(
/media/ava/DATA2/Raj/rajkumar/lib/python3.8/site-packages/torch/functional.py:478: UserWarning: torch.meshgrid: in an upcoming release, it will be required to pass the indexing argument. (Triggered internally at  ../aten/src/ATen/native/TensorShape.cpp:2894.)
  return _VF.meshgrid(tensors, **kwargs)  # type: ignore[attr-defined]
{'bev_embed': tensor([[[-0.6873,  0.0683, -0.4028,  ...,  0.0180, -1.4777, -0.1982]],

        [[-0.6184,  0.0649, -0.3706,  ..., -0.2629, -1.1512,  0.1932]],

        [[-0.0449,  0.6607, -0.9785,  ...,  0.5365, -0.8388,  0.1748]],

        ...,

        [[-0.4439, -0.2437, -1.0880,  ...,  1.0374, -0.2288,  0.8836]],

        [[-0.2223, -0.7085, -0.6821,  ...,  0.7237, -0.3340,  0.5099]],

        [[-0.2849, -0.7335, -1.6924,  ...,  0.2142, -0.3021,  1.1764]]]), 'all_cls_scores': tensor([[[[-5.8980, -6.2039, -6.0591,  ..., -3.9612, -0.8744, -5.0341],
          [-7.9681, -8.4143, -8.3445,  ..., -5.7434, -5.2491, -4.1565],
          [-7.3646, -8.0424, -8.9339,  ..., -5.9860, -4.5563, -5.9207],
          ...,
          [-7.3541, -8.5640, -8.4815,  ..., -4.8566, -3.8878, -5.4118],
          [-6.2857, -7.0240, -6.2494,  ..., -3.7730, -4.0245, -4.0078],
          [-8.5764, -9.1747, -8.7830,  ..., -5.1443, -4.2747, -5.2755]]],


        [[[-5.3475, -5.8804, -6.2262,  ..., -4.2209, -0.9101, -5.2658],
          [-7.1115, -7.5702, -8.4359,  ..., -5.0168, -4.4476, -4.3646],
          [-7.0534, -7.7862, -9.5189,  ..., -6.1442, -5.4943, -5.7476],
          ...,
          [-7.0470, -7.8732, -8.3562,  ..., -4.5813, -3.4363, -5.3834],
          [-6.3410, -6.5676, -6.1847,  ..., -3.4596, -3.4669, -4.0150],
          [-8.1257, -8.1844, -9.3352,  ..., -5.0172, -4.7119, -5.0553]]],


        [[[-5.3822, -6.0815, -6.4482,  ..., -4.1780, -0.9525, -5.2731],
          [-7.4742, -8.0926, -8.3632,  ..., -5.2300, -4.2822, -4.0987],
          [-7.9794, -7.8232, -9.3212,  ..., -5.6931, -5.0106, -5.3387],
          ...,
          [-6.8789, -7.5715, -8.1430,  ..., -4.7323, -3.3014, -4.9008],
          [-6.3050, -6.4494, -6.2739,  ..., -3.6991, -3.2834, -3.7619],
          [-8.0285, -8.1394, -8.7084,  ..., -4.8175, -4.2126, -4.6358]]],


        [[[-4.5735, -5.0441, -5.9646,  ..., -4.0978, -0.9329, -4.9200],
          [-7.1091, -7.8605, -8.6202,  ..., -5.0640, -4.1993, -4.3166],
          [-7.8554, -7.9413, -8.8707,  ..., -6.0158, -5.4314, -5.7679],
          ...,
          [-6.7315, -7.8804, -8.2756,  ..., -4.4528, -3.4910, -5.2006],
          [-5.7176, -6.2114, -6.5571,  ..., -3.2130, -3.5430, -4.2075],
          [-7.6780, -8.1531, -8.7375,  ..., -4.8378, -4.5678, -4.7035]]],


        [[[-4.8375, -5.3373, -5.8135,  ..., -3.7619, -0.9384, -4.3508],
          [-7.0614, -7.9987, -8.4818,  ..., -4.8672, -4.1743, -4.3518],
          [-7.8841, -8.4893, -9.5868,  ..., -5.2431, -5.2480, -5.7612],
          ...,
          [-6.8939, -7.9249, -8.2497,  ..., -4.4082, -3.6336, -5.3997],
          [-6.0558, -6.6764, -6.4280,  ..., -3.1188, -3.3644, -3.9869],
          [-7.5780, -8.4059, -9.1067,  ..., -4.6372, -4.5022, -4.7948]]],


        [[[-4.7788, -4.8702, -5.4561,  ..., -3.5646, -0.9724, -3.9492],
          [-7.2330, -7.7835, -8.1749,  ..., -4.9486, -4.1655, -4.1406],
          [-7.3358, -7.5953, -8.7461,  ..., -5.7993, -5.2085, -5.8294],
          ...,
          [-6.6096, -7.4580, -8.2627,  ..., -4.6124, -3.5577, -5.3137],
          [-5.5526, -6.3327, -6.4109,  ..., -3.1496, -3.2317, -4.0795],
          [-7.3471, -7.7178, -8.5134,  ..., -4.8392, -4.3362, -4.6778]]]]), 'all_bbox_preds': tensor([[[[ 1.3073e+01, -4.5111e+01, -3.8330e-01,  ...,  3.2971e-02,
           -2.2735e-01,  2.2671e-03],
          [ 1.6472e+01,  5.1461e+00, -6.2822e-01,  ...,  2.7306e-01,
            4.6263e-04,  1.7749e-05],
          [-1.2741e+00,  4.9008e+00, -3.0019e-01,  ..., -9.0088e-01,
            1.1050e-02,  9.8107e-01],
          ...,
          [ 1.8535e+01,  1.9891e+01, -3.3864e-01,  ..., -1.0892e-01,
            3.4622e-02,  2.0891e-01],
          [-2.1504e+01,  4.6974e+01, -4.3936e-01,  ...,  8.6237e-02,
            1.8804e-02, -5.4607e-03],
          [ 8.9873e+00,  1.6047e+00, -4.4285e-01,  ...,  3.3773e-01,
           -1.8036e-03, -5.8259e-07]]],


        [[[ 1.3394e+01, -4.5011e+01, -3.8913e-01,  ..., -7.2632e-01,
           -1.9741e-01,  4.4906e-01],
          [ 1.6528e+01,  4.4945e+00, -7.2370e-01,  ...,  3.7300e-01,
            4.0976e-03, -1.2361e-05],
          [-9.1682e-01,  4.3122e+00, -5.6890e-01,  ..., -9.2654e-01,
           -1.0514e-04,  2.1087e-01],
          ...,
          [ 1.8443e+01,  2.0266e+01, -3.8118e-01,  ...,  1.5728e-01,
            2.8649e-01, -3.6003e-01],
          [-2.2040e+01,  4.7078e+01, -4.3578e-01,  ..., -3.1253e-01,
           -4.2054e-03,  9.2121e-04],
          [ 8.4359e+00,  1.9630e+00, -5.4597e-01,  ...,  5.6002e-01,
            9.8534e-04, -7.8339e-02]]],


        [[[ 1.3456e+01, -4.5058e+01, -3.6320e-01,  ..., -7.4941e-01,
           -1.4250e-01,  6.3654e-01],
          [ 1.6220e+01,  4.8921e+00, -7.9611e-01,  ...,  1.5566e-01,
            1.6244e-04, -2.7687e-02],
          [-8.6880e-01,  4.1742e+00, -6.3883e-01,  ..., -8.1870e-01,
           -5.3188e-03,  1.6203e-01],
          ...,
          [ 1.8368e+01,  2.0437e+01, -3.4821e-01,  ...,  5.7346e-01,
            6.5815e-01, -4.7399e-01],
          [-2.1961e+01,  4.7122e+01, -5.3470e-01,  ..., -2.3350e-01,
           -1.8991e-05,  1.7100e-02],
          [ 8.3333e+00,  2.4189e+00, -5.8166e-01,  ...,  6.9284e-01,
           -5.9634e-04, -2.5349e-01]]],


        [[[ 1.3432e+01, -4.5063e+01, -3.0324e-01,  ..., -7.8977e-01,
           -6.2433e-01,  9.0492e-01],
          [ 1.6145e+01,  5.1964e+00, -7.9750e-01,  ...,  2.7190e-01,
            2.4970e-05, -1.0867e-05],
          [-9.0000e-01,  4.4078e+00, -4.2255e-01,  ..., -8.8482e-01,
            2.6590e-03,  2.8241e-01],
          ...,
          [ 1.8391e+01,  2.0552e+01, -3.5500e-01,  ...,  3.8751e-01,
            1.2844e+00, -5.7600e-01],
          [-2.1764e+01,  4.7171e+01, -4.0896e-01,  ..., -1.2851e-01,
            6.8711e-05, -6.4254e-04],
          [ 8.1696e+00,  2.6887e+00, -6.6262e-01,  ...,  4.5997e-01,
            5.4291e-04, -2.1382e-01]]],


        [[[ 1.3490e+01, -4.5072e+01, -3.4340e-01,  ..., -6.4767e-01,
           -3.8031e-01,  5.5239e-01],
          [ 1.6226e+01,  5.2017e+00, -6.4641e-01,  ...,  3.9733e-01,
            1.8080e-05,  1.4131e-05],
          [-8.2501e-01,  4.4148e+00, -3.5534e-01,  ..., -8.5387e-01,
            3.5219e-03,  5.1133e-03],
          ...,
          [ 1.8406e+01,  2.0615e+01, -3.5562e-01,  ...,  5.3266e-01,
            7.3800e-01, -4.8467e-01],
          [-2.1772e+01,  4.7180e+01, -4.3267e-01,  ...,  8.6819e-01,
            1.6467e-02, -1.2195e-01],
          [ 8.1536e+00,  2.6214e+00, -6.2245e-01,  ...,  6.0929e-01,
            6.5907e-03, -8.0522e-02]]],


        [[[ 1.3410e+01, -4.5049e+01, -3.3264e-01,  ..., -8.7729e-01,
           -1.2502e-01,  8.4942e-01],
          [ 1.6155e+01,  5.1115e+00, -8.5524e-01,  ...,  2.1959e-01,
            3.8834e-05, -1.3715e-05],
          [-7.8201e-01,  4.5655e+00, -3.1650e-01,  ..., -7.2104e-01,
           -1.6544e-03,  1.7803e-02],
          ...,
          [ 1.8396e+01,  2.0577e+01, -3.3562e-01,  ...,  4.0092e-01,
            5.6568e-01, -7.3939e-01],
          [-2.1702e+01,  4.7166e+01, -4.2654e-01,  ...,  7.7497e-01,
            3.8637e-03, -7.0197e-02],
          [ 8.2008e+00,  2.7170e+00, -7.8290e-01,  ...,  6.5850e-01,
            4.2541e-05, -2.0756e-05]]]]), 'enc_cls_scores': None, 'enc_bbox_preds': None}
Checked
Export Successfully...
/media/ava/DATA2/Raj/rajkumar/lib/python3.8/site-packages/torch/distributed/launch.py:178: FutureWarning: The module torch.distributed.launch is deprecated
and will be removed in future. Use torchrun.
Note that --use_env is set by default in torchrun.
If your script expects `--local_rank` argument to be set, please
change it to read from `os.environ['LOCAL_RANK']` instead. See 
https://pytorch.org/docs/stable/distributed.html#launch-utility for 
further instructions

  warnings.warn(
